#
# There is insufficient memory for the Java Runtime Environment to continue.
# Native memory allocation (malloc) failed to allocate 1692896 bytes for Chunk::new
# Possible reasons:
#   The system is out of physical RAM or swap space
#   In 32 bit mode, the process size limit was hit
# Possible solutions:
#   Reduce memory load on the system
#   Increase physical memory or swap space
#   Check if swap backing store is full
#   Use 64 bit Java on a 64 bit OS
#   Decrease Java heap size (-Xmx/-Xms)
#   Decrease number of Java threads
#   Decrease Java thread stack sizes (-Xss)
#   Set larger code cache with -XX:ReservedCodeCacheSize=
# This output file may be truncated or incomplete.
#
#  Out of Memory Error (allocation.cpp:390), pid=2428, tid=6824
#
# JRE version: Java(TM) SE Runtime Environment (8.0_74-b02) (build 1.8.0_74-b02)
# Java VM: Java HotSpot(TM) 64-Bit Server VM (25.74-b02 mixed mode windows-amd64 compressed oops)
# Failed to write core dump. Minidumps are not enabled by default on client versions of Windows
#

---------------  T H R E A D  ---------------

Current thread (0x000000001609a800):  JavaThread "C2 CompilerThread1" daemon [_thread_in_native, id=6824, stack(0x00000000168d0000,0x00000000169d0000)]

Stack: [0x00000000168d0000,0x00000000169d0000]
[error occurred during error reporting (printing stack bounds), id 0xc0000005]

Native frames: (J=compiled Java code, j=interpreted, Vv=VM code, C=native code)


Current CompileTask:
C2:  85657 10213       4       org.objectweb.asm.ClassReader::a (3271 bytes)


---------------  P R O C E S S  ---------------

Java Threads: ( => current thread )
  0x000000001abe8000 JavaThread "pool-3-thread-4" [_thread_blocked, id=6924, stack(0x00000000218b0000,0x00000000219b0000)]
  0x000000001abe7000 JavaThread "pool-3-thread-3" [_thread_blocked, id=2968, stack(0x0000000021650000,0x0000000021750000)]
  0x000000001abe6800 JavaThread "pool-3-thread-2" [_thread_blocked, id=2508, stack(0x0000000021540000,0x0000000021640000)]
  0x000000001abe5800 JavaThread "pool-3-thread-1" [_thread_blocked, id=4084, stack(0x00000000213c0000,0x00000000214c0000)]
  0x000000001abe4000 JavaThread "Stdin handler" [_thread_blocked, id=8204, stack(0x00000000210a0000,0x00000000211a0000)]
  0x000000001abe3800 JavaThread "Cancel handler" [_thread_blocked, id=8632, stack(0x0000000020010000,0x0000000020110000)]
  0x000000001abe2000 JavaThread "Handler for socket connection from /127.0.0.1:59351 to /127.0.0.1:59424" [_thread_in_native, id=8172, stack(0x000000001d300000,0x000000001d400000)]
  0x000000001abe2800 JavaThread "pool-2-thread-1" [_thread_blocked, id=6616, stack(0x0000000020de0000,0x0000000020ee0000)]
  0x000000001abe0800 JavaThread "File lock request listener" [_thread_in_native, id=5228, stack(0x000000001bca0000,0x000000001bda0000)]
  0x0000000017ba2000 JavaThread "Daemon worker" [_thread_in_Java, id=5740, stack(0x0000000019220000,0x0000000019320000)]
  0x0000000017a5f800 JavaThread "Daemon" [_thread_blocked, id=6996, stack(0x0000000018ea0000,0x0000000018fa0000)]
  0x0000000017a00800 JavaThread "Incoming local TCP Connector on port 59351" [_thread_in_native, id=1596, stack(0x0000000018af0000,0x0000000018bf0000)]
  0x0000000016123800 JavaThread "Service Thread" daemon [_thread_blocked, id=9072, stack(0x0000000016c70000,0x0000000016d70000)]
  0x000000001609c000 JavaThread "C1 CompilerThread2" daemon [_thread_blocked, id=6812, stack(0x0000000016a80000,0x0000000016b80000)]
=>0x000000001609a800 JavaThread "C2 CompilerThread1" daemon [_thread_in_native, id=6824, stack(0x00000000168d0000,0x00000000169d0000)]
  0x0000000016095000 JavaThread "C2 CompilerThread0" daemon [_thread_in_native, id=7944, stack(0x0000000016600000,0x0000000016700000)]
  0x000000001608a800 JavaThread "Attach Listener" daemon [_thread_blocked, id=8576, stack(0x00000000167d0000,0x00000000168d0000)]
  0x0000000014c6c800 JavaThread "Signal Dispatcher" daemon [_thread_blocked, id=8432, stack(0x0000000016500000,0x0000000016600000)]
  0x0000000014c5a000 JavaThread "Finalizer" daemon [_thread_blocked, id=6100, stack(0x0000000015f80000,0x0000000016080000)]
  0x0000000014c13000 JavaThread "Reference Handler" daemon [_thread_blocked, id=5256, stack(0x0000000015c70000,0x0000000015d70000)]
  0x00000000020bf000 JavaThread "main" [_thread_blocked, id=8848, stack(0x00000000022a0000,0x00000000023a0000)]

Other Threads:
  0x0000000014c0b800 VMThread [stack: 0x0000000015df0000,0x0000000015ef0000] [id=5372]
  0x00000000160de000 WatcherThread [stack: 0x0000000016f50000,0x0000000017050000] [id=9000]

VM state:not at safepoint (normal execution)

VM Mutex/Monitor currently owned by a thread: None

Heap:
 PSYoungGen      total 293376K, used 152617K [0x00000000eab00000, 0x00000000fdd00000, 0x0000000100000000)
  eden space 273920K, 49% used [0x00000000eab00000,0x00000000f2f66040,0x00000000fb680000)
  from space 19456K, 87% used [0x00000000fb680000,0x00000000fc7245e0,0x00000000fc980000)
  to   space 18944K, 0% used [0x00000000fc980000,0x00000000fc980000,0x00000000fdc00000)
 ParOldGen       total 77824K, used 40104K [0x00000000c0000000, 0x00000000c4c00000, 0x00000000eab00000)
  object space 77824K, 51% used [0x00000000c0000000,0x00000000c272a378,0x00000000c4c00000)
 Metaspace       used 55540K, capacity 56848K, committed 57216K, reserved 1099776K
  class space    used 7371K, capacity 7731K, committed 7808K, reserved 1048576K

Card table byte_map: [0x0000000011760000,0x0000000011970000] byte_map_base: 0x0000000011160000

Marking Bits: (ParMarkBitMap*) 0x000000006edf0600
 Begin Bits: [0x0000000012080000, 0x0000000013080000)
 End Bits:   [0x0000000013080000, 0x0000000014080000)

Polling page: 0x00000000001a0000

CodeCache: size=245760Kb used=29060Kb max_used=29076Kb free=216699Kb
 bounds [0x00000000023a0000, 0x0000000004030000, 0x00000000113a0000]
 total_blobs=9199 nmethods=8470 adapters=640
 compilation: enabled

Compilation events (10 events):
Event: 85.605 Thread 0x000000001609c000 10280   !   3       org.objectweb.asm.ClassReader::a (163 bytes)
Event: 85.606 Thread 0x000000001609c000 nmethod 10280 0x000000000401cbd0 code [0x000000000401ce00, 0x000000000401da88]
Event: 85.606 Thread 0x000000001609c000 10279       3       org.objectweb.asm.ClassReader::<init> (10 bytes)
Event: 85.606 Thread 0x000000001609c000 nmethod 10279 0x000000000401df90 code [0x000000000401e100, 0x000000000401e338]
Event: 85.617 Thread 0x000000001609c000 10281       3       org.objectweb.asm.ClassWriter::a (71 bytes)
Event: 85.618 Thread 0x000000001609c000 nmethod 10281 0x0000000004022e90 code [0x0000000004023060, 0x0000000004023578]
Event: 85.620 Thread 0x0000000016095000 nmethod 10212 0x0000000004023850 code [0x0000000004024a40, 0x0000000004027980]
Event: 85.620 Thread 0x0000000016095000 10276       4       org.objectweb.asm.Item::a (354 bytes)
Event: 85.623 Thread 0x000000001609c000 10282       3       org.objectweb.asm.Type::equals (110 bytes)
Event: 85.623 Thread 0x000000001609c000 nmethod 10282 0x00000000040224d0 code [0x0000000004022660, 0x0000000004022c50]

GC Heap History (10 events):
Event: 15.015 GC heap before
{Heap before GC invocations=10 (full 2):
 PSYoungGen      total 127488K, used 117248K [0x00000000eab00000, 0x00000000f8980000, 0x0000000100000000)
  eden space 117248K, 100% used [0x00000000eab00000,0x00000000f1d80000,0x00000000f1d80000)
  from space 10240K, 0% used [0x00000000f1d80000,0x00000000f1d80000,0x00000000f2780000)
  to   space 13312K, 0% used [0x00000000f7c80000,0x00000000f7c80000,0x00000000f8980000)
 ParOldGen       total 77824K, used 21965K [0x00000000c0000000, 0x00000000c4c00000, 0x00000000eab00000)
  object space 77824K, 28% used [0x00000000c0000000,0x00000000c1573568,0x00000000c4c00000)
 Metaspace       used 40993K, capacity 41704K, committed 41984K, reserved 1085440K
  class space    used 5636K, capacity 5811K, committed 5888K, reserved 1048576K
Event: 15.055 GC heap after
Heap after GC invocations=10 (full 2):
 PSYoungGen      total 210432K, used 12284K [0x00000000eab00000, 0x00000000f8880000, 0x0000000100000000)
  eden space 198144K, 0% used [0x00000000eab00000,0x00000000eab00000,0x00000000f6c80000)
  from space 12288K, 99% used [0x00000000f7c80000,0x00000000f887f110,0x00000000f8880000)
  to   space 14336K, 0% used [0x00000000f6c80000,0x00000000f6c80000,0x00000000f7a80000)
 ParOldGen       total 77824K, used 21973K [0x00000000c0000000, 0x00000000c4c00000, 0x00000000eab00000)
  object space 77824K, 28% used [0x00000000c0000000,0x00000000c1575568,0x00000000c4c00000)
 Metaspace       used 40993K, capacity 41704K, committed 41984K, reserved 1085440K
  class space    used 5636K, capacity 5811K, committed 5888K, reserved 1048576K
}
Event: 23.158 GC heap before
{Heap before GC invocations=11 (full 2):
 PSYoungGen      total 210432K, used 210428K [0x00000000eab00000, 0x00000000f8880000, 0x0000000100000000)
  eden space 198144K, 100% used [0x00000000eab00000,0x00000000f6c80000,0x00000000f6c80000)
  from space 12288K, 99% used [0x00000000f7c80000,0x00000000f887f110,0x00000000f8880000)
  to   space 14336K, 0% used [0x00000000f6c80000,0x00000000f6c80000,0x00000000f7a80000)
 ParOldGen       total 77824K, used 21973K [0x00000000c0000000, 0x00000000c4c00000, 0x00000000eab00000)
  object space 77824K, 28% used [0x00000000c0000000,0x00000000c1575568,0x00000000c4c00000)
 Metaspace       used 50405K, capacity 51390K, committed 51712K, reserved 1093632K
  class space    used 6837K, capacity 7131K, committed 7168K, reserved 1048576K
Event: 23.214 GC heap after
Heap after GC invocations=11 (full 2):
 PSYoungGen      total 212480K, used 14322K [0x00000000eab00000, 0x00000000fdc00000, 0x0000000100000000)
  eden space 198144K, 0% used [0x00000000eab00000,0x00000000eab00000,0x00000000f6c80000)
  from space 14336K, 99% used [0x00000000f6c80000,0x00000000f7a7cb20,0x00000000f7a80000)
  to   space 18944K, 0% used [0x00000000fc980000,0x00000000fc980000,0x00000000fdc00000)
 ParOldGen       total 77824K, used 28919K [0x00000000c0000000, 0x00000000c4c00000, 0x00000000eab00000)
  object space 77824K, 37% used [0x00000000c0000000,0x00000000c1c3dec8,0x00000000c4c00000)
 Metaspace       used 50405K, capacity 51390K, committed 51712K, reserved 1093632K
  class space    used 6837K, capacity 7131K, committed 7168K, reserved 1048576K
}
Event: 24.799 GC heap before
{Heap before GC invocations=12 (full 2):
 PSYoungGen      total 212480K, used 42340K [0x00000000eab00000, 0x00000000fdc00000, 0x0000000100000000)
  eden space 198144K, 14% used [0x00000000eab00000,0x00000000ec65c758,0x00000000f6c80000)
  from space 14336K, 99% used [0x00000000f6c80000,0x00000000f7a7cb20,0x00000000f7a80000)
  to   space 18944K, 0% used [0x00000000fc980000,0x00000000fc980000,0x00000000fdc00000)
 ParOldGen       total 77824K, used 28919K [0x00000000c0000000, 0x00000000c4c00000, 0x00000000eab00000)
  object space 77824K, 37% used [0x00000000c0000000,0x00000000c1c3dec8,0x00000000c4c00000)
 Metaspace       used 51217K, capacity 52254K, committed 52352K, reserved 1093632K
  class space    used 6956K, capacity 7291K, committed 7296K, reserved 1048576K
Event: 24.816 GC heap after
Heap after GC invocations=12 (full 2):
 PSYoungGen      total 292864K, used 13188K [0x00000000eab00000, 0x00000000fdd00000, 0x0000000100000000)
  eden space 273920K, 0% used [0x00000000eab00000,0x00000000eab00000,0x00000000fb680000)
  from space 18944K, 69% used [0x00000000fc980000,0x00000000fd661058,0x00000000fdc00000)
  to   space 19456K, 0% used [0x00000000fb680000,0x00000000fb680000,0x00000000fc980000)
 ParOldGen       total 77824K, used 34762K [0x00000000c0000000, 0x00000000c4c00000, 0x00000000eab00000)
  object space 77824K, 44% used [0x00000000c0000000,0x00000000c21f2a70,0x00000000c4c00000)
 Metaspace       used 51217K, capacity 52254K, committed 52352K, reserved 1093632K
  class space    used 6956K, capacity 7291K, committed 7296K, reserved 1048576K
}
Event: 24.816 GC heap before
{Heap before GC invocations=13 (full 3):
 PSYoungGen      total 292864K, used 13188K [0x00000000eab00000, 0x00000000fdd00000, 0x0000000100000000)
  eden space 273920K, 0% used [0x00000000eab00000,0x00000000eab00000,0x00000000fb680000)
  from space 18944K, 69% used [0x00000000fc980000,0x00000000fd661058,0x00000000fdc00000)
  to   space 19456K, 0% used [0x00000000fb680000,0x00000000fb680000,0x00000000fc980000)
 ParOldGen       total 77824K, used 34762K [0x00000000c0000000, 0x00000000c4c00000, 0x00000000eab00000)
  object space 77824K, 44% used [0x00000000c0000000,0x00000000c21f2a70,0x00000000c4c00000)
 Metaspace       used 51217K, capacity 52254K, committed 52352K, reserved 1093632K
  class space    used 6956K, capacity 7291K, committed 7296K, reserved 1048576K
Event: 25.063 GC heap after
Heap after GC invocations=13 (full 3):
 PSYoungGen      total 292864K, used 0K [0x00000000eab00000, 0x00000000fdd00000, 0x0000000100000000)
  eden space 273920K, 0% used [0x00000000eab00000,0x00000000eab00000,0x00000000fb680000)
  from space 18944K, 0% used [0x00000000fc980000,0x00000000fc980000,0x00000000fdc00000)
  to   space 19456K, 0% used [0x00000000fb680000,0x00000000fb680000,0x00000000fc980000)
 ParOldGen       total 77824K, used 40096K [0x00000000c0000000, 0x00000000c4c00000, 0x00000000eab00000)
  object space 77824K, 51% used [0x00000000c0000000,0x00000000c2728378,0x00000000c4c00000)
 Metaspace       used 51145K, capacity 52146K, committed 52352K, reserved 1093632K
  class space    used 6945K, capacity 7251K, committed 7296K, reserved 1048576K
}
Event: 76.720 GC heap before
{Heap before GC invocations=14 (full 3):
 PSYoungGen      total 292864K, used 273920K [0x00000000eab00000, 0x00000000fdd00000, 0x0000000100000000)
  eden space 273920K, 100% used [0x00000000eab00000,0x00000000fb680000,0x00000000fb680000)
  from space 18944K, 0% used [0x00000000fc980000,0x00000000fc980000,0x00000000fdc00000)
  to   space 19456K, 0% used [0x00000000fb680000,0x00000000fb680000,0x00000000fc980000)
 ParOldGen       total 77824K, used 40096K [0x00000000c0000000, 0x00000000c4c00000, 0x00000000eab00000)
  object space 77824K, 51% used [0x00000000c0000000,0x00000000c2728378,0x00000000c4c00000)
 Metaspace       used 54157K, capacity 55402K, committed 55552K, reserved 1097728K
  class space    used 7228K, capacity 7570K, committed 7680K, reserved 1048576K
Event: 76.753 GC heap after
Heap after GC invocations=14 (full 3):
 PSYoungGen      total 293376K, used 17041K [0x00000000eab00000, 0x00000000fdd00000, 0x0000000100000000)
  eden space 273920K, 0% used [0x00000000eab00000,0x00000000eab00000,0x00000000fb680000)
  from space 19456K, 87% used [0x00000000fb680000,0x00000000fc7245e0,0x00000000fc980000)
  to   space 18944K, 0% used [0x00000000fc980000,0x00000000fc980000,0x00000000fdc00000)
 ParOldGen       total 77824K, used 40104K [0x00000000c0000000, 0x00000000c4c00000, 0x00000000eab00000)
  object space 77824K, 51% used [0x00000000c0000000,0x00000000c272a378,0x00000000c4c00000)
 Metaspace       used 54157K, capacity 55402K, committed 55552K, reserved 1097728K
  class space    used 7228K, capacity 7570K, committed 7680K, reserved 1048576K
}

Deoptimization events (10 events):
Event: 85.118 Thread 0x0000000017ba2000 Uncommon trap: reason=speculate_class_check action=maybe_recompile pc=0x00000000037c5720 method=com.sun.org.apache.xerces.internal.dom.AttrImpl.getValue()Ljava/lang/String; @ 19
Event: 85.133 Thread 0x0000000017ba2000 Uncommon trap: reason=speculate_class_check action=maybe_recompile pc=0x00000000037c5720 method=com.sun.org.apache.xerces.internal.dom.AttrImpl.getValue()Ljava/lang/String; @ 19
Event: 85.294 Thread 0x0000000017ba2000 Uncommon trap: reason=unstable_if action=reinterpret pc=0x0000000003bc8688 method=java.util.zip.ZipFile$ZipEntryIterator.hasNext()Z @ 25
Event: 85.295 Thread 0x0000000017ba2000 Uncommon trap: reason=bimorphic action=maybe_recompile pc=0x0000000003e8c7cc method=java.io.FilterInputStream.read([B)I @ 5
Event: 85.295 Thread 0x0000000017ba2000 Uncommon trap: reason=bimorphic action=maybe_recompile pc=0x0000000003e8c7cc method=java.io.FilterInputStream.read([B)I @ 5
Event: 85.295 Thread 0x0000000017ba2000 Uncommon trap: reason=bimorphic action=maybe_recompile pc=0x0000000003e8c7cc method=java.io.FilterInputStream.read([B)I @ 5
Event: 85.296 Thread 0x0000000017ba2000 Uncommon trap: reason=bimorphic action=maybe_recompile pc=0x0000000003e8c7cc method=java.io.FilterInputStream.read([B)I @ 5
Event: 85.444 Thread 0x0000000017ba2000 Uncommon trap: reason=unstable_if action=reinterpret pc=0x0000000003e6b638 method=org.objectweb.asm.ByteVector.putShort(I)Lorg/objectweb/asm/ByteVector; @ 13
Event: 85.571 Thread 0x0000000017ba2000 Uncommon trap: reason=unstable_if action=reinterpret pc=0x0000000002d0bc14 method=org.objectweb.asm.Item.a(Lorg/objectweb/asm/Item;)Z @ 331
Event: 85.597 Thread 0x0000000017ba2000 Uncommon trap: reason=unstable_if action=reinterpret pc=0x0000000002cf8870 method=org.objectweb.asm.Type.getArgumentsAndReturnSizes(Ljava/lang/String;)I @ 130

Internal exceptions (10 events):
Event: 75.633 Thread 0x0000000017ba2000 Exception <a 'java/lang/ClassNotFoundException': com/android/ide/common/res2/AssetSetCustomizer> (0x00000000f5199d30) thrown at [C:\re\workspace\8-2-build-windows-amd64-cygwin\jdk8u74\6087\hotspot\src\share\vm\classfile\systemDictionary.cpp, line 210]
Event: 75.637 Thread 0x0000000017ba2000 Exception <a 'java/lang/ClassNotFoundException': com/android/ide/common/res2/MergedAssetWriterBeanInfo> (0x00000000f51fb680) thrown at [C:\re\workspace\8-2-build-windows-amd64-cygwin\jdk8u74\6087\hotspot\src\share\vm\classfile\systemDictionary.cpp, line 21†„eVÕËR@
Event: 75.638 Thread 0x0000000017ba2000 Exception <a 'java/lang/ClassNotFoundException': com/android/ide/common/res2/MergeWriterBeanInfo> (0x00000000f5209b78) thrown at [C:\re\workspace\8-2-build-windows-amd64-cygwin\jdk8u74\6087\hotspot\src\share\vm\classfile\systemDictionary.cpp, line 210]
Event: 75.638 Thread 0x0000000017ba2000 Exception <a 'java/lang/ClassNotFoundException': com/android/ide/common/res2/MergeWriterCustomizer> (0x00000000f52183f0) thrown at [C:\re\workspace\8-2-build-windows-amd64-cygwin\jdk8u74\6087\hotspot\src\share\vm\classfile\systemDictionary.cpp, line 210]
Event: 75.638 Thread 0x0000000017ba2000 Exception <a 'java/lang/ClassNotFoundException': com/android/ide/common/res2/MergedAssetWriterCustomizer> (0x00000000f522b7a8) thrown at [C:\re\workspace\8-2-build-windows-amd64-cygwin\jdk8u74\6087\hotspot\src\share\vm\classfile\systemDictionary.cpp, line *ÙπJlÍR@
Event: 75.663 Thread 0x0000000017ba2000 Exception <a 'java/lang/NoSuchMethodError': <clinit>> (0x00000000f52f4538) thrown at [C:\re\workspace\8-2-build-windows-amd64-cygwin\jdk8u74\6087\hotspot\src\share\vm\prims\jni.cpp, line 1591]
Event: 76.505 Thread 0x0000000017ba2000 Implicit null exception at 0x0000000003960b17 to 0x0000000003960c53
Event: 80.437 Thread 0x0000000017ba2000 Implicit null exception at 0x0000000003f56ed2 to 0x0000000003f5540d
Event: 80.437 Thread 0x0000000017ba2000 Implicit null exception at 0x0000000003f56ed2 to 0x0000000003f5540d
Event: 80.444 Thread 0x0000000017ba2000 Implicit null exception at 0x0000000003f56ed2 to 0x0000000003f5540d

Events (10 events):
Event: 85.444 Thread 0x0000000017ba2000 DEOPT PACKING pc=0x0000000003e6b638 sp=0x000000001931c320
Event: 85.444 Thread 0x0000000017ba2000 DEOPT UNPACKING pc=0x00000000023e582a sp=0x000000001931c2c0 mode 2
Event: 85.447 loading class org/objectweb/asm/Edge
Event: 85.447 loading class org/objectweb/asm/Edge done
Event: 85.571 Thread 0x0000000017ba2000 Uncommon trap: trap_request=0xffffff65 fr.pc=0x0000000002d0bc14
Event: 85.571 Thread 0x0000000017ba2000 DEOPT PACKING pc=0x0000000002d0bc14 sp=0x000000001931c230
Event: 85.571 Thread 0x0000000017ba2000 DEOPT UNPACKING pc=0x00000000023e582a sp=0x000000001931c1d8 mode 2
Event: 85.597 Thread 0x0000000017ba2000 Uncommon trap: trap_request=0xffffff65 fr.pc=0x0000000002cf8870
Event: 85.597 Thread 0x0000000017ba2000 DEOPT PACKING pc=0x0000000002cf8870 sp=0x000000001931c460
Event: 85.597 Thread 0x0000000017ba2000 DEOPT UNPACKING pc=0x00000000023e582a sp=0x000000001931c3f0 mode 2


Dynamic libraries:
0x000000013f670000 - 0x000000013f6a7000 	C:\pf\Java\jdk1.8.0_74\bin\java.exe
0x00000000778d0000 - 0x0000000077a7a000 	C:\Windows\SYSTEM32\ntdll.dll
0x00000000776b0000 - 0x00000000777cf000 	C:\Windows\system32\kernel32.dll
0x000007fefd800000 - 0x000007fefd86b000 	C:\Windows\system32\KERNELBASE.dll
0x000007fefe660000 - 0x000007fefe73b000 	C:\Windows\system32\ADVAPI32.dll
0x000007feff6b0000 - 0x000007feff74f000 	C:\Windows\system32\msvcrt.dll
0x000007fefe640000 - 0x000007fefe65f000 	C:\Windows\SYSTEM32\sechost.dll
0x000007fefdd50000 - 0x000007fefde7d000 	C:\Windows\system32\RPCRT4.dll
0x00000000777d0000 - 0x00000000778ca000 	C:\Windows\system32\USER32.dll
0x000007fefdf40000 - 0x000007fefdfa7000 	C:\Windows\system32\GDI32.dll
0x000007feffac0000 - 0x000007fefface000 	C:\Windows\system32\LPK.dll
0x000007fefe050000 - 0x000007fefe11a000 	C:\Windows\system32\USP10.dll
0x000007fefbdf0000 - 0x000007fefbfe4000 	C:\Windows\WinSxS\amd64_microsoft.windows.common-controls_6595b64144ccf1df_6.0.7601.18837_none_fa3b1e3d17594757\COMCTL32.dll
0x000007fefda10000 - 0x000007fefda81000 	C:\Windows\system32\SHLWAPI.dll
0x000007fefe130000 - 0x000007fefe15e000 	C:\Windows\system32\IMM32.DLL
0x000007feffad0000 - 0x000007feffbd9000 	C:\Windows\system32\MSCTF.dll
0x00000000510a0000 - 0x0000000051172000 	C:\pf\Java\jdk1.8.0_74\jre\bin\msvcr100.dll
0x000000006e5e0000 - 0x000000006ee70000 	C:\pf\Java\jdk1.8.0_74\jre\bin\server\jvm.dll
0x000007fef9d30000 - 0x000007fef9d39000 	C:\Windows\system32\WSOCK32.dll
0x000007fefdd00000 - 0x000007fefdd4d000 	C:\Windows\system32\WS2_32.dll
0x000007fefe120000 - 0x000007fefe128000 	C:\Windows\system32\NSI.dll
0x000007fefb390000 - 0x000007fefb3cb000 	C:\Windows\system32\WINMM.dll
0x000007fefc710000 - 0x000007fefc71c000 	C:\Windows\system32\VERSION.dll
0x0000000077aa0000 - 0x0000000077aa7000 	C:\Windows\system32\PSAPI.DLL
0x0000000070af0000 - 0x0000000070aff000 	C:\pf\Java\jdk1.8.0_74\jre\bin\verify.dll
0x000000006f8c0000 - 0x000000006f8e9000 	C:\pf\Java\jdk1.8.0_74\jre\bin\java.dll
0x000000006fb00000 - 0x000000006fb16000 	C:\pf\Java\jdk1.8.0_74\jre\bin\zip.dll
0x000007fefe920000 - 0x000007feff6a9000 	C:\Windows\system32\SHELL32.dll
0x000007fefe160000 - 0x000007fefe363000 	C:\Windows\system32\ole32.dll
0x000007fefd650000 - 0x000007fefd65f000 	C:\Windows\system32\profapi.dll
0x000000006deb0000 - 0x000000006deca000 	C:\pf\Java\jdk1.8.0_74\jre\bin\net.dll
0x000007fefcdf0000 - 0x000007fefce45000 	C:\Windows\system32\mswsock.dll
0x000007fefcde0000 - 0x000007fefcde7000 	C:\Windows\System32\wship6.dll
0x000000006dc30000 - 0x000000006dc41000 	C:\pf\Java\jdk1.8.0_74\jre\bin\nio.dll
0x000007fefb0f0000 - 0x000007fefb102000 	C:\Users\wangxiaofei\.gradle\native\19\windows-amd64\native-platform.dll
0x000007fefaf50000 - 0x000007fefaf77000 	C:\Windows\system32\IPHLPAPI.DLL
0x000007fefaf40000 - 0x000007fefaf4b000 	C:\Windows\system32\WINNSI.DLL
0x000007fef9fc0000 - 0x000007fef9fd1000 	C:\Windows\system32\dhcpcsvc6.DLL
0x000007fef9fa0000 - 0x000007fef9fb8000 	C:\Windows\system32\dhcpcsvc.DLL
0x000007fefce50000 - 0x000007fefce68000 	C:\Windows\system32\CRYPTSP.dll
0x000007fefcb50000 - 0x000007fefcb97000 	C:\Windows\system32\rsaenh.dll
0x000007fefd7c0000 - 0x000007fefd7de000 	C:\Windows\system32\USERENV.dll
0x000007fefd4b0000 - 0x000007fefd4bf000 	C:\Windows\system32\CRYPTBASE.dll
0x000007fefd450000 - 0x000007fefd4a7000 	C:\Windows\system32\apphelp.dll
0x000000006d160000 - 0x000000006d16d000 	C:\pf\Java\jdk1.8.0_74\jre\bin\management.dll

VM Arguments:
jvm_args: -XX:MaxPermSize=256m -XX:+HeapDumpOnOutOfMemoryError -Xmx1024m -Dfile.encoding=GBK -Duser.country=CN -Duser.language=zh -Duser.variant 
java_command: org.gradle.launcher.daemon.bootstrap.GradleDaemon 2.10
java_class_path (initial): C:\Program Files\Android\Android Studio\gradle\gradle-2.10\lib\gradle-launcher-2.10.jar
Launcher Type: SUN_STANDARD

Environment Variables:
JAVA_HOME=C:\pf\Java\jdk1.8.0_74
PATH=C:\Program Files (x86)\NVIDIA Corporation\PhysX\Common;C:\Windows\system32;C:\Windows;C:\Windows\System32\Wbem;C:\Windows\System32\WindowsPowerShell\v1.0\;C:\pf\nodejs\;C:\pf\gradle-2.12\bin;E:\xunlei_download\tools\apache-groovy-sdk-2.4.5\groovy-2.4.5;\bin;C:\pf\grails-3.0.11\bin;D:\adt-bundle-windows-x86_64\sdk\platform-tools;C:\Program Files\MongoDB\Server\3.2\bin;C:\Python27;E:\xunlei_download\mysql\mysql-5.7.14-winx64\bin;C:\Program Files\TortoiseSVN\bin;C:\pf\Java\jdk1.8.0_74\bin;
USERNAME=wangxiaofei
OS=Windows_NT
PROCESSOR_IDENTIFIER=Intel64 Family 6 Model 42 Stepping 7, GenuineIntel



---------------  S Y S T E M  ---------------

OS: Windows 7 , 64 bit Build 7601 (6.1.7601.19160)

CPU:total 4 (4 cores per cpu, 1 threads per core) family 6 model 42 stepping 7, cmov, cx8, fxsr, mmx, sse, sse2, sse3, ssse3, sse4.1, sse4.2, popcnt, avx, aes, clmul, tsc, tscinvbit

Memory: 4k page, physical 8351620k(843376k free), swap 8349784k(6360k free)

vm_info: Java HotSpot(TM) 64-Bit Server VM (25.74-b02) for windows-amd64 JRE (1.8.0_74-b02), built on Jan 29 2016 17:42:36 by "java_re" with MS VC++ 10.0 (VS2010)

time: Tue Aug 16 10:23:13 2016
elapsed time: 85 seconds (0d 0h 1m 25s)

